2025-02-18 11:03:30,192 [Worker-1: Loading available Gradle versions] INFO  o.e.b.c.i.u.g.PublishedGradleVersions - Gradle version information cache is up-to-date. Trying to read.
2025-02-18 11:04:14,596 [Worker-15: Updating Maven Dependencies] INFO  o.e.m.c.i.l.LifecycleMappingFactory - Using org.eclipse.m2e.jdt.JarLifecycleMapping lifecycle mapping for MavenProject: com.example:springFirst:0.0.1-SNAPSHOT @ /home/user/Progetti_FullStack/java_esercizi/springFirst/pom.xml.
2025-02-18 11:04:22,398 [Worker-6: Building] INFO  o.a.m.s.f.DefaultMavenResourcesFiltering - Copying 1 resource from src/main/resources to target/classes
2025-02-18 11:04:22,432 [Worker-6: Building] INFO  o.a.m.s.f.DefaultMavenResourcesFiltering - Copying 0 resource from src/main/resources to target/classes
2025-02-18 11:04:22,442 [Worker-6: Building] INFO  o.a.m.s.f.DefaultMavenResourcesFiltering - skip non existing resourceDirectory /home/user/Progetti_FullStack/java_esercizi/springFirst/src/test/resources
2025-02-18 11:04:23,439 [Worker-6: Building] INFO  o.e.m.c.i.l.LifecycleMappingFactory - Using org.eclipse.m2e.jdt.JarLifecycleMapping lifecycle mapping for MavenProject: com.example:springMagazzino:0.0.1-SNAPSHOT @ /home/user/Progetti_FullStack/java_esercizi/mag.zip_expanded/springMagazzino/pom.xml.
2025-02-18 11:04:23,719 [Worker-6: Building] INFO  o.a.m.s.f.DefaultMavenResourcesFiltering - Copying 1 resource from src/main/resources to target/classes
2025-02-18 11:04:23,731 [Worker-6: Building] INFO  o.a.m.s.f.DefaultMavenResourcesFiltering - Copying 0 resource from src/main/resources to target/classes
2025-02-18 11:04:23,739 [Worker-6: Building] INFO  o.a.m.s.f.DefaultMavenResourcesFiltering - skip non existing resourceDirectory /home/user/Progetti_FullStack/java_esercizi/mag.zip_expanded/springMagazzino/src/test/resources
2025-02-18 11:04:24,123 [Worker-6: Building] INFO  o.e.m.c.i.l.LifecycleMappingFactory - Using org.eclipse.m2e.jdt.JarLifecycleMapping lifecycle mapping for MavenProject: com.example:springUniversita:0.0.1-SNAPSHOT @ /home/user/Progetti_FullStack/java_esercizi/springUniversità/pom.xml.
2025-02-18 11:04:24,420 [Worker-6: Building] INFO  o.a.m.s.f.DefaultMavenResourcesFiltering - Copying 1 resource from src/main/resources to target/classes
2025-02-18 11:04:24,430 [Worker-6: Building] INFO  o.a.m.s.f.DefaultMavenResourcesFiltering - Copying 0 resource from src/main/resources to target/classes
2025-02-18 11:04:24,438 [Worker-6: Building] INFO  o.a.m.s.f.DefaultMavenResourcesFiltering - skip non existing resourceDirectory /home/user/Progetti_FullStack/java_esercizi/springUniversità/src/test/resources
2025-02-18 11:04:25,669 [Worker-18: Building] INFO  o.a.m.s.f.DefaultMavenResourcesFiltering - Copying 1 resource from src/main/resources to target/classes
2025-02-18 11:04:25,670 [Worker-18: Building] INFO  o.a.m.s.f.DefaultMavenResourcesFiltering - Copying 0 resource from src/main/resources to target/classes
2025-02-18 11:04:25,672 [Worker-18: Building] INFO  o.a.m.s.f.DefaultMavenResourcesFiltering - skip non existing resourceDirectory /home/user/Progetti_FullStack/java_esercizi/mag.zip_expanded/springMagazzino/src/test/resources
2025-02-18 11:04:25,851 [Worker-18: Building] INFO  o.a.m.s.f.DefaultMavenResourcesFiltering - Copying 1 resource from src/main/resources to target/classes
2025-02-18 11:04:25,851 [Worker-18: Building] INFO  o.a.m.s.f.DefaultMavenResourcesFiltering - Copying 0 resource from src/main/resources to target/classes
2025-02-18 11:04:25,854 [Worker-18: Building] INFO  o.a.m.s.f.DefaultMavenResourcesFiltering - skip non existing resourceDirectory /home/user/Progetti_FullStack/java_esercizi/springUniversità/src/test/resources
2025-02-18 11:06:20,855 [Worker-21: Launching Executing verify in _home_user_Progetti_FullStack_java_esercizi_springUniversità] INFO  o.eclipse.m2e.core.internal.Bundles - getClasspathEntries(Bundle=org.eclipse.m2e.maven.runtime_3.9.900.20240824-1409 [637])
2025-02-18 11:06:20,856 [Worker-21: Launching Executing verify in _home_user_Progetti_FullStack_java_esercizi_springUniversità] INFO  o.eclipse.m2e.core.internal.Bundles - 	Entry: /home/user/.p2/pool/plugins/org.eclipse.m2e.maven.runtime_3.9.900.20240824-1409
2025-02-18 11:06:20,856 [Worker-21: Launching Executing verify in _home_user_Progetti_FullStack_java_esercizi_springUniversità] INFO  o.eclipse.m2e.core.internal.Bundles - 	Entry: /home/user/.p2/pool/plugins/org.eclipse.m2e.maven.runtime_3.9.900.20240824-1409/jars/aopalliance-1.0.jar
2025-02-18 11:06:20,856 [Worker-21: Launching Executing verify in _home_user_Progetti_FullStack_java_esercizi_springUniversità] INFO  o.eclipse.m2e.core.internal.Bundles - 	Entry: /home/user/.p2/pool/plugins/org.eclipse.m2e.maven.runtime_3.9.900.20240824-1409/jars/guice-5.1.0.jar
2025-02-18 11:06:20,856 [Worker-21: Launching Executing verify in _home_user_Progetti_FullStack_java_esercizi_springUniversità] INFO  o.eclipse.m2e.core.internal.Bundles - 	Entry: /home/user/.p2/pool/plugins/org.eclipse.m2e.maven.runtime_3.9.900.20240824-1409/jars/httpclient-4.5.14.jar
2025-02-18 11:06:20,856 [Worker-21: Launching Executing verify in _home_user_Progetti_FullStack_java_esercizi_springUniversità] INFO  o.eclipse.m2e.core.internal.Bundles - 	Entry: /home/user/.p2/pool/plugins/org.eclipse.m2e.maven.runtime_3.9.900.20240824-1409/jars/httpcore-4.4.16.jar
2025-02-18 11:06:20,856 [Worker-21: Launching Executing verify in _home_user_Progetti_FullStack_java_esercizi_springUniversità] INFO  o.eclipse.m2e.core.internal.Bundles - 	Entry: /home/user/.p2/pool/plugins/org.eclipse.m2e.maven.runtime_3.9.900.20240824-1409/jars/jansi-2.4.1.jar
2025-02-18 11:06:20,856 [Worker-21: Launching Executing verify in _home_user_Progetti_FullStack_java_esercizi_springUniversità] INFO  o.eclipse.m2e.core.internal.Bundles - 	Entry: /home/user/.p2/pool/plugins/org.eclipse.m2e.maven.runtime_3.9.900.20240824-1409/jars/jcl-over-slf4j-1.7.36.jar
2025-02-18 11:06:20,856 [Worker-21: Launching Executing verify in _home_user_Progetti_FullStack_java_esercizi_springUniversità] INFO  o.eclipse.m2e.core.internal.Bundles - 	Entry: /home/user/.p2/pool/plugins/org.eclipse.m2e.maven.runtime_3.9.900.20240824-1409/jars/maven-artifact-3.9.9.jar
2025-02-18 11:06:20,856 [Worker-21: Launching Executing verify in _home_user_Progetti_FullStack_java_esercizi_springUniversità] INFO  o.eclipse.m2e.core.internal.Bundles - 	Entry: /home/user/.p2/pool/plugins/org.eclipse.m2e.maven.runtime_3.9.900.20240824-1409/jars/maven-builder-support-3.9.9.jar
2025-02-18 11:06:20,856 [Worker-21: Launching Executing verify in _home_user_Progetti_FullStack_java_esercizi_springUniversità] INFO  o.eclipse.m2e.core.internal.Bundles - 	Entry: /home/user/.p2/pool/plugins/org.eclipse.m2e.maven.runtime_3.9.900.20240824-1409/jars/maven-compat-3.9.9.jar
2025-02-18 11:06:20,856 [Worker-21: Launching Executing verify in _home_user_Progetti_FullStack_java_esercizi_springUniversità] INFO  o.eclipse.m2e.core.internal.Bundles - 	Entry: /home/user/.p2/pool/plugins/org.eclipse.m2e.maven.runtime_3.9.900.20240824-1409/jars/maven-core-3.9.9.jar
2025-02-18 11:06:20,856 [Worker-21: Launching Executing verify in _home_user_Progetti_FullStack_java_esercizi_springUniversità] INFO  o.eclipse.m2e.core.internal.Bundles - 	Entry: /home/user/.p2/pool/plugins/org.eclipse.m2e.maven.runtime_3.9.900.20240824-1409/jars/maven-embedder-3.9.9.jar
2025-02-18 11:06:20,856 [Worker-21: Launching Executing verify in _home_user_Progetti_FullStack_java_esercizi_springUniversità] INFO  o.eclipse.m2e.core.internal.Bundles - 	Entry: /home/user/.p2/pool/plugins/org.eclipse.m2e.maven.runtime_3.9.900.20240824-1409/jars/maven-model-3.9.9.jar
2025-02-18 11:06:20,856 [Worker-21: Launching Executing verify in _home_user_Progetti_FullStack_java_esercizi_springUniversità] INFO  o.eclipse.m2e.core.internal.Bundles - 	Entry: /home/user/.p2/pool/plugins/org.eclipse.m2e.maven.runtime_3.9.900.20240824-1409/jars/maven-model-builder-3.9.9.jar
2025-02-18 11:06:20,857 [Worker-21: Launching Executing verify in _home_user_Progetti_FullStack_java_esercizi_springUniversità] INFO  o.eclipse.m2e.core.internal.Bundles - 	Entry: /home/user/.p2/pool/plugins/org.eclipse.m2e.maven.runtime_3.9.900.20240824-1409/jars/maven-plugin-api-3.9.9.jar
2025-02-18 11:06:20,857 [Worker-21: Launching Executing verify in _home_user_Progetti_FullStack_java_esercizi_springUniversità] INFO  o.eclipse.m2e.core.internal.Bundles - 	Entry: /home/user/.p2/pool/plugins/org.eclipse.m2e.maven.runtime_3.9.900.20240824-1409/jars/maven-repository-metadata-3.9.9.jar
2025-02-18 11:06:20,857 [Worker-21: Launching Executing verify in _home_user_Progetti_FullStack_java_esercizi_springUniversità] INFO  o.eclipse.m2e.core.internal.Bundles - 	Entry: /home/user/.p2/pool/plugins/org.eclipse.m2e.maven.runtime_3.9.900.20240824-1409/jars/maven-resolver-api-1.9.22.jar
2025-02-18 11:06:20,858 [Worker-21: Launching Executing verify in _home_user_Progetti_FullStack_java_esercizi_springUniversità] INFO  o.eclipse.m2e.core.internal.Bundles - 	Entry: /home/user/.p2/pool/plugins/org.eclipse.m2e.maven.runtime_3.9.900.20240824-1409/jars/maven-resolver-connector-basic-1.9.22.jar
2025-02-18 11:06:20,858 [Worker-21: Launching Executing verify in _home_user_Progetti_FullStack_java_esercizi_springUniversità] INFO  o.eclipse.m2e.core.internal.Bundles - 	Entry: /home/user/.p2/pool/plugins/org.eclipse.m2e.maven.runtime_3.9.900.20240824-1409/jars/maven-resolver-impl-1.9.22.jar
2025-02-18 11:06:20,858 [Worker-21: Launching Executing verify in _home_user_Progetti_FullStack_java_esercizi_springUniversità] INFO  o.eclipse.m2e.core.internal.Bundles - 	Entry: /home/user/.p2/pool/plugins/org.eclipse.m2e.maven.runtime_3.9.900.20240824-1409/jars/maven-resolver-named-locks-1.9.22.jar
2025-02-18 11:06:20,858 [Worker-21: Launching Executing verify in _home_user_Progetti_FullStack_java_esercizi_springUniversità] INFO  o.eclipse.m2e.core.internal.Bundles - 	Entry: /home/user/.p2/pool/plugins/org.eclipse.m2e.maven.runtime_3.9.900.20240824-1409/jars/maven-resolver-provider-3.9.9.jar
2025-02-18 11:06:20,858 [Worker-21: Launching Executing verify in _home_user_Progetti_FullStack_java_esercizi_springUniversità] INFO  o.eclipse.m2e.core.internal.Bundles - 	Entry: /home/user/.p2/pool/plugins/org.eclipse.m2e.maven.runtime_3.9.900.20240824-1409/jars/maven-resolver-spi-1.9.22.jar
2025-02-18 11:06:20,858 [Worker-21: Launching Executing verify in _home_user_Progetti_FullStack_java_esercizi_springUniversità] INFO  o.eclipse.m2e.core.internal.Bundles - 	Entry: /home/user/.p2/pool/plugins/org.eclipse.m2e.maven.runtime_3.9.900.20240824-1409/jars/maven-resolver-transport-file-1.9.22.jar
2025-02-18 11:06:20,858 [Worker-21: Launching Executing verify in _home_user_Progetti_FullStack_java_esercizi_springUniversità] INFO  o.eclipse.m2e.core.internal.Bundles - 	Entry: /home/user/.p2/pool/plugins/org.eclipse.m2e.maven.runtime_3.9.900.20240824-1409/jars/maven-resolver-transport-http-1.9.22.jar
2025-02-18 11:06:20,858 [Worker-21: Launching Executing verify in _home_user_Progetti_FullStack_java_esercizi_springUniversità] INFO  o.eclipse.m2e.core.internal.Bundles - 	Entry: /home/user/.p2/pool/plugins/org.eclipse.m2e.maven.runtime_3.9.900.20240824-1409/jars/maven-resolver-transport-wagon-1.9.22.jar
2025-02-18 11:06:20,858 [Worker-21: Launching Executing verify in _home_user_Progetti_FullStack_java_esercizi_springUniversità] INFO  o.eclipse.m2e.core.internal.Bundles - 	Entry: /home/user/.p2/pool/plugins/org.eclipse.m2e.maven.runtime_3.9.900.20240824-1409/jars/maven-resolver-util-1.9.22.jar
2025-02-18 11:06:20,858 [Worker-21: Launching Executing verify in _home_user_Progetti_FullStack_java_esercizi_springUniversità] INFO  o.eclipse.m2e.core.internal.Bundles - 	Entry: /home/user/.p2/pool/plugins/org.eclipse.m2e.maven.runtime_3.9.900.20240824-1409/jars/maven-settings-3.9.9.jar
2025-02-18 11:06:20,858 [Worker-21: Launching Executing verify in _home_user_Progetti_FullStack_java_esercizi_springUniversità] INFO  o.eclipse.m2e.core.internal.Bundles - 	Entry: /home/user/.p2/pool/plugins/org.eclipse.m2e.maven.runtime_3.9.900.20240824-1409/jars/maven-settings-builder-3.9.9.jar
2025-02-18 11:06:20,858 [Worker-21: Launching Executing verify in _home_user_Progetti_FullStack_java_esercizi_springUniversità] INFO  o.eclipse.m2e.core.internal.Bundles - 	Entry: /home/user/.p2/pool/plugins/org.eclipse.m2e.maven.runtime_3.9.900.20240824-1409/jars/maven-shared-utils-3.4.2.jar
2025-02-18 11:06:20,858 [Worker-21: Launching Executing verify in _home_user_Progetti_FullStack_java_esercizi_springUniversità] INFO  o.eclipse.m2e.core.internal.Bundles - 	Entry: /home/user/.p2/pool/plugins/org.eclipse.m2e.maven.runtime_3.9.900.20240824-1409/jars/org.eclipse.sisu.inject-0.9.0.M3.jar
2025-02-18 11:06:20,858 [Worker-21: Launching Executing verify in _home_user_Progetti_FullStack_java_esercizi_springUniversità] INFO  o.eclipse.m2e.core.internal.Bundles - 	Entry: /home/user/.p2/pool/plugins/org.eclipse.m2e.maven.runtime_3.9.900.20240824-1409/jars/org.eclipse.sisu.plexus-0.9.0.M3.jar
2025-02-18 11:06:20,858 [Worker-21: Launching Executing verify in _home_user_Progetti_FullStack_java_esercizi_springUniversità] INFO  o.eclipse.m2e.core.internal.Bundles - 	Entry: /home/user/.p2/pool/plugins/org.eclipse.m2e.maven.runtime_3.9.900.20240824-1409/jars/plexus-build-api-0.0.7.jar
2025-02-18 11:06:20,858 [Worker-21: Launching Executing verify in _home_user_Progetti_FullStack_java_esercizi_springUniversità] INFO  o.eclipse.m2e.core.internal.Bundles - 	Entry: /home/user/.p2/pool/plugins/org.eclipse.m2e.maven.runtime_3.9.900.20240824-1409/jars/plexus-build-api-1.2.0.jar
2025-02-18 11:06:20,858 [Worker-21: Launching Executing verify in _home_user_Progetti_FullStack_java_esercizi_springUniversità] INFO  o.eclipse.m2e.core.internal.Bundles - 	Entry: /home/user/.p2/pool/plugins/org.eclipse.m2e.maven.runtime_3.9.900.20240824-1409/jars/plexus-cipher-2.0.jar
2025-02-18 11:06:20,858 [Worker-21: Launching Executing verify in _home_user_Progetti_FullStack_java_esercizi_springUniversità] INFO  o.eclipse.m2e.core.internal.Bundles - 	Entry: /home/user/.p2/pool/plugins/org.eclipse.m2e.maven.runtime_3.9.900.20240824-1409/jars/plexus-classworlds-2.8.0.jar
2025-02-18 11:06:20,858 [Worker-21: Launching Executing verify in _home_user_Progetti_FullStack_java_esercizi_springUniversità] INFO  o.eclipse.m2e.core.internal.Bundles - 	Entry: /home/user/.p2/pool/plugins/org.eclipse.m2e.maven.runtime_3.9.900.20240824-1409/jars/plexus-component-annotations-2.1.0.jar
2025-02-18 11:06:20,858 [Worker-21: Launching Executing verify in _home_user_Progetti_FullStack_java_esercizi_springUniversità] INFO  o.eclipse.m2e.core.internal.Bundles - 	Entry: /home/user/.p2/pool/plugins/org.eclipse.m2e.maven.runtime_3.9.900.20240824-1409/jars/plexus-interpolation-1.27.jar
2025-02-18 11:06:20,858 [Worker-21: Launching Executing verify in _home_user_Progetti_FullStack_java_esercizi_springUniversità] INFO  o.eclipse.m2e.core.internal.Bundles - 	Entry: /home/user/.p2/pool/plugins/org.eclipse.m2e.maven.runtime_3.9.900.20240824-1409/jars/plexus-sec-dispatcher-2.0.jar
2025-02-18 11:06:20,858 [Worker-21: Launching Executing verify in _home_user_Progetti_FullStack_java_esercizi_springUniversità] INFO  o.eclipse.m2e.core.internal.Bundles - 	Entry: /home/user/.p2/pool/plugins/org.eclipse.m2e.maven.runtime_3.9.900.20240824-1409/jars/plexus-utils-3.5.1.jar
2025-02-18 11:06:20,858 [Worker-21: Launching Executing verify in _home_user_Progetti_FullStack_java_esercizi_springUniversità] INFO  o.eclipse.m2e.core.internal.Bundles - 	Entry: /home/user/.p2/pool/plugins/org.eclipse.m2e.maven.runtime_3.9.900.20240824-1409/jars/plexus-xml-3.0.1.jar
2025-02-18 11:06:20,858 [Worker-21: Launching Executing verify in _home_user_Progetti_FullStack_java_esercizi_springUniversità] INFO  o.eclipse.m2e.core.internal.Bundles - 	Entry: /home/user/.p2/pool/plugins/org.eclipse.m2e.maven.runtime_3.9.900.20240824-1409/jars/wagon-file-3.5.3.jar
2025-02-18 11:06:20,858 [Worker-21: Launching Executing verify in _home_user_Progetti_FullStack_java_esercizi_springUniversità] INFO  o.eclipse.m2e.core.internal.Bundles - 	Entry: /home/user/.p2/pool/plugins/org.eclipse.m2e.maven.runtime_3.9.900.20240824-1409/jars/wagon-http-3.5.3.jar
2025-02-18 11:06:20,858 [Worker-21: Launching Executing verify in _home_user_Progetti_FullStack_java_esercizi_springUniversità] INFO  o.eclipse.m2e.core.internal.Bundles - 	Entry: /home/user/.p2/pool/plugins/org.eclipse.m2e.maven.runtime_3.9.900.20240824-1409/jars/wagon-http-shared-3.5.3.jar
2025-02-18 11:06:20,858 [Worker-21: Launching Executing verify in _home_user_Progetti_FullStack_java_esercizi_springUniversità] INFO  o.eclipse.m2e.core.internal.Bundles - 	Entry: /home/user/.p2/pool/plugins/org.eclipse.m2e.maven.runtime_3.9.900.20240824-1409/jars/wagon-provider-api-3.5.3.jar
2025-02-18 11:06:20,859 [Worker-21: Launching Executing verify in _home_user_Progetti_FullStack_java_esercizi_springUniversità] INFO  o.eclipse.m2e.core.internal.Bundles - getClasspathEntries(Bundle=com.google.guava_33.3.1.jre [1022])
2025-02-18 11:06:20,859 [Worker-21: Launching Executing verify in _home_user_Progetti_FullStack_java_esercizi_springUniversità] INFO  o.eclipse.m2e.core.internal.Bundles - 	Entry: /home/user/.p2/pool/plugins/com.google.guava_33.3.1.jre.jar
2025-02-18 11:06:20,859 [Worker-21: Launching Executing verify in _home_user_Progetti_FullStack_java_esercizi_springUniversità] INFO  o.eclipse.m2e.core.internal.Bundles - getClasspathEntries(Bundle=slf4j.api_2.0.16 [1001])
2025-02-18 11:06:20,859 [Worker-21: Launching Executing verify in _home_user_Progetti_FullStack_java_esercizi_springUniversità] INFO  o.eclipse.m2e.core.internal.Bundles - 	Entry: /home/user/.p2/pool/plugins/slf4j.api_2.0.16.jar
2025-02-18 11:06:20,859 [Worker-21: Launching Executing verify in _home_user_Progetti_FullStack_java_esercizi_springUniversità] INFO  o.eclipse.m2e.core.internal.Bundles - getClasspathEntries(Bundle=jakarta.inject.jakarta.inject-api_1.0.5 [34])
2025-02-18 11:06:20,859 [Worker-21: Launching Executing verify in _home_user_Progetti_FullStack_java_esercizi_springUniversità] INFO  o.eclipse.m2e.core.internal.Bundles - 	Entry: /home/user/.p2/pool/plugins/jakarta.inject.jakarta.inject-api_1.0.5.jar
2025-02-18 11:06:20,859 [Worker-21: Launching Executing verify in _home_user_Progetti_FullStack_java_esercizi_springUniversità] INFO  o.eclipse.m2e.core.internal.Bundles - getClasspathEntries(Bundle=jakarta.annotation-api_1.3.5 [29])
2025-02-18 11:06:20,859 [Worker-21: Launching Executing verify in _home_user_Progetti_FullStack_java_esercizi_springUniversità] INFO  o.eclipse.m2e.core.internal.Bundles - 	Entry: /home/user/.p2/pool/plugins/jakarta.annotation-api_1.3.5.jar
2025-02-18 11:06:20,859 [Worker-21: Launching Executing verify in _home_user_Progetti_FullStack_java_esercizi_springUniversità] INFO  o.eclipse.m2e.core.internal.Bundles - getClasspathEntries(Bundle=org.apache.commons.cli_1.9.0 [78])
2025-02-18 11:06:20,859 [Worker-21: Launching Executing verify in _home_user_Progetti_FullStack_java_esercizi_springUniversità] INFO  o.eclipse.m2e.core.internal.Bundles - 	Entry: /home/user/.p2/pool/plugins/org.apache.commons.cli_1.9.0.jar
2025-02-18 11:06:20,859 [Worker-21: Launching Executing verify in _home_user_Progetti_FullStack_java_esercizi_springUniversità] INFO  o.eclipse.m2e.core.internal.Bundles - getClasspathEntries(Bundle=org.apache.commons.commons-codec_1.16.0 [81])
2025-02-18 11:06:20,859 [Worker-21: Launching Executing verify in _home_user_Progetti_FullStack_java_esercizi_springUniversità] INFO  o.eclipse.m2e.core.internal.Bundles - 	Entry: /home/user/.p2/pool/plugins/org.apache.commons.commons-codec_1.16.0.jar
2025-02-18 11:06:20,859 [Worker-21: Launching Executing verify in _home_user_Progetti_FullStack_java_esercizi_springUniversità] INFO  o.eclipse.m2e.core.internal.Bundles - getClasspathEntries(Bundle=com.google.guava.failureaccess_1.0.2 [17])
2025-02-18 11:06:20,859 [Worker-21: Launching Executing verify in _home_user_Progetti_FullStack_java_esercizi_springUniversità] INFO  o.eclipse.m2e.core.internal.Bundles - 	Entry: /home/user/.p2/pool/plugins/com.google.guava.failureaccess_1.0.2.jar
2025-02-18 11:06:20,861 [Worker-21: Launching Executing verify in _home_user_Progetti_FullStack_java_esercizi_springUniversità] INFO  o.e.m.i.launch.MavenLaunchDelegate - Run build in "/home/user/Progetti_FullStack/java_esercizi/springUniversità":
2025-02-18 11:06:20,863 [Worker-21: Launching Executing verify in _home_user_Progetti_FullStack_java_esercizi_springUniversità] INFO  o.e.m.i.launch.MavenLaunchDelegate -  mvn  -Ppom.xml -B -Dstyle.color=always verify
2025-02-18 11:08:36,003 [Worker-21: Building] INFO  o.a.m.s.f.DefaultMavenResourcesFiltering - Copying 1 resource from src/main/resources to target/classes
2025-02-18 11:08:36,008 [Worker-21: Building] INFO  o.a.m.s.f.DefaultMavenResourcesFiltering - Copying 0 resource from src/main/resources to target/classes
2025-02-18 11:08:36,011 [Worker-21: Building] INFO  o.a.m.s.f.DefaultMavenResourcesFiltering - skip non existing resourceDirectory /home/user/Progetti_FullStack/java_esercizi/springUniversità/src/test/resources
2025-02-18 11:09:01,809 [Worker-2: Building] INFO  o.a.m.s.f.DefaultMavenResourcesFiltering - Copying 1 resource from src/main/resources to target/classes
2025-02-18 11:09:01,810 [Worker-2: Building] INFO  o.a.m.s.f.DefaultMavenResourcesFiltering - Copying 0 resource from src/main/resources to target/classes
2025-02-18 11:09:01,815 [Worker-2: Building] INFO  o.a.m.s.f.DefaultMavenResourcesFiltering - skip non existing resourceDirectory /home/user/Progetti_FullStack/java_esercizi/springUniversità/src/test/resources
2025-02-18 11:09:02,868 [Worker-21: Building] INFO  o.a.m.s.f.DefaultMavenResourcesFiltering - Copying 1 resource from src/main/resources to target/classes
2025-02-18 11:09:02,873 [Worker-21: Building] INFO  o.a.m.s.f.DefaultMavenResourcesFiltering - Copying 0 resource from src/main/resources to target/classes
2025-02-18 11:09:02,875 [Worker-21: Building] INFO  o.a.m.s.f.DefaultMavenResourcesFiltering - skip non existing resourceDirectory /home/user/Progetti_FullStack/java_esercizi/springUniversità/src/test/resources
2025-02-18 11:09:28,499 [Worker-21: Building] INFO  o.a.m.s.f.DefaultMavenResourcesFiltering - Copying 1 resource from src/main/resources to target/classes
2025-02-18 11:09:28,509 [Worker-21: Building] INFO  o.a.m.s.f.DefaultMavenResourcesFiltering - Copying 0 resource from src/main/resources to target/classes
2025-02-18 11:09:28,513 [Worker-21: Building] INFO  o.a.m.s.f.DefaultMavenResourcesFiltering - skip non existing resourceDirectory /home/user/Progetti_FullStack/java_esercizi/springUniversità/src/test/resources
2025-02-18 11:09:35,295 [Worker-10: Building] INFO  o.a.m.s.f.DefaultMavenResourcesFiltering - Copying 1 resource from src/main/resources to target/classes
2025-02-18 11:09:35,299 [Worker-10: Building] INFO  o.a.m.s.f.DefaultMavenResourcesFiltering - Copying 0 resource from src/main/resources to target/classes
2025-02-18 11:09:35,301 [Worker-10: Building] INFO  o.a.m.s.f.DefaultMavenResourcesFiltering - skip non existing resourceDirectory /home/user/Progetti_FullStack/java_esercizi/springUniversità/src/test/resources
2025-02-18 11:09:45,361 [Worker-21: Building] INFO  o.a.m.s.f.DefaultMavenResourcesFiltering - Copying 1 resource from src/main/resources to target/classes
2025-02-18 11:09:45,364 [Worker-21: Building] INFO  o.a.m.s.f.DefaultMavenResourcesFiltering - Copying 0 resource from src/main/resources to target/classes
2025-02-18 11:09:45,366 [Worker-21: Building] INFO  o.a.m.s.f.DefaultMavenResourcesFiltering - skip non existing resourceDirectory /home/user/Progetti_FullStack/java_esercizi/springUniversità/src/test/resources
2025-02-18 11:26:01,097 [Worker-28: Building] INFO  o.a.m.s.f.DefaultMavenResourcesFiltering - Copying 1 resource from src/main/resources to target/classes
2025-02-18 11:26:01,100 [Worker-28: Building] INFO  o.a.m.s.f.DefaultMavenResourcesFiltering - Copying 0 resource from src/main/resources to target/classes
2025-02-18 11:26:01,102 [Worker-28: Building] INFO  o.a.m.s.f.DefaultMavenResourcesFiltering - skip non existing resourceDirectory /home/user/Progetti_FullStack/java_esercizi/springUniversità/src/test/resources
2025-02-18 11:28:56,444 [Worker-30: Building] INFO  o.e.m.c.i.l.LifecycleMappingFactory - Using org.eclipse.m2e.jdt.JarLifecycleMapping lifecycle mapping for MavenProject: com.example:springUniversita:0.0.1-SNAPSHOT @ /home/user/Progetti_FullStack/java_esercizi/uni.zip_expanded/springUniversità/pom.xml.
2025-02-18 11:28:56,739 [Worker-30: Building] INFO  o.a.m.s.f.DefaultMavenResourcesFiltering - Copying 1 resource from src/main/resources to target/classes
2025-02-18 11:28:56,752 [Worker-30: Building] INFO  o.a.m.s.f.DefaultMavenResourcesFiltering - Copying 0 resource from src/main/resources to target/classes
2025-02-18 11:28:56,758 [Worker-30: Building] INFO  o.a.m.s.f.DefaultMavenResourcesFiltering - skip non existing resourceDirectory /home/user/Progetti_FullStack/java_esercizi/uni.zip_expanded/springUniversità/src/test/resources
2025-02-18 11:28:57,151 [Worker-30: Building] INFO  o.a.m.s.f.DefaultMavenResourcesFiltering - Copying 1 resource from src/main/resources to target/classes
2025-02-18 11:28:57,151 [Worker-30: Building] INFO  o.a.m.s.f.DefaultMavenResourcesFiltering - Copying 0 resource from src/main/resources to target/classes
2025-02-18 11:28:57,154 [Worker-30: Building] INFO  o.a.m.s.f.DefaultMavenResourcesFiltering - skip non existing resourceDirectory /home/user/Progetti_FullStack/java_esercizi/uni.zip_expanded/springUniversità/src/test/resources
2025-02-18 11:28:57,821 [Worker-33: Updating Maven Dependencies] INFO  o.e.m.c.i.l.LifecycleMappingFactory - Using org.eclipse.m2e.jdt.JarLifecycleMapping lifecycle mapping for MavenProject: com.example:springUniversita:0.0.1-SNAPSHOT @ /home/user/Progetti_FullStack/java_esercizi/uni.zip_expanded/springUniversità/pom.xml.
2025-02-18 11:29:15,291 [Worker-22: Building] INFO  o.a.m.s.f.DefaultMavenResourcesFiltering - Copying 1 resource from src/main/resources to target/classes
2025-02-18 11:29:15,302 [Worker-22: Building] INFO  o.a.m.s.f.DefaultMavenResourcesFiltering - Copying 0 resource from src/main/resources to target/classes
2025-02-18 11:29:15,313 [Worker-22: Building] INFO  o.a.m.s.f.DefaultMavenResourcesFiltering - skip non existing resourceDirectory /home/user/Progetti_FullStack/java_esercizi/uni.zip_expanded/springUniversità/src/test/resources
2025-02-18 11:33:44,351 [Worker-2: Loading available Gradle versions] INFO  o.e.b.c.i.u.g.PublishedGradleVersions - Gradle version information cache is up-to-date. Trying to read.
2025-02-18 11:33:52,448 [Worker-8: Deferred Early Start] INFO  o.a.h.c.h.i.c.HttpRequestRetryExec - Recoverable I/O exception (java.net.SocketException) caught when processing request to {s}->https://www.eclipse.org:443
2025-02-18 13:14:59,214 [Worker-6: Loading available Gradle versions] INFO  o.e.b.c.i.u.g.PublishedGradleVersions - Gradle version information cache is up-to-date. Trying to read.
2025-02-18 13:19:30,149 [Worker-23: Building] INFO  o.a.m.s.f.DefaultMavenResourcesFiltering - Copying 1 resource from src/main/resources to target/classes
2025-02-18 13:19:30,178 [Worker-23: Building] INFO  o.a.m.s.f.DefaultMavenResourcesFiltering - Copying 0 resource from src/main/resources to target/classes
2025-02-18 13:19:30,185 [Worker-23: Building] INFO  o.a.m.s.f.DefaultMavenResourcesFiltering - skip non existing resourceDirectory /home/user/Progetti_FullStack/java_esercizi/springFirst/src/test/resources
2025-02-18 13:19:31,116 [Worker-23: Building] INFO  o.a.m.s.f.DefaultMavenResourcesFiltering - Copying 1 resource from src/main/resources to target/classes
2025-02-18 13:19:31,128 [Worker-23: Building] INFO  o.a.m.s.f.DefaultMavenResourcesFiltering - Copying 0 resource from src/main/resources to target/classes
2025-02-18 13:19:31,132 [Worker-23: Building] INFO  o.a.m.s.f.DefaultMavenResourcesFiltering - skip non existing resourceDirectory /home/user/Progetti_FullStack/java_esercizi/mag.zip_expanded/springMagazzino/src/test/resources
2025-02-18 13:19:31,710 [Worker-23: Building] INFO  o.a.m.s.f.DefaultMavenResourcesFiltering - Copying 1 resource from src/main/resources to target/classes
2025-02-18 13:19:31,720 [Worker-23: Building] INFO  o.a.m.s.f.DefaultMavenResourcesFiltering - Copying 0 resource from src/main/resources to target/classes
2025-02-18 13:19:31,727 [Worker-23: Building] INFO  o.a.m.s.f.DefaultMavenResourcesFiltering - skip non existing resourceDirectory /home/user/Progetti_FullStack/java_esercizi/uni.zip_expanded/springUniversità/src/test/resources
2025-02-18 13:20:57,933 [Worker-23: Building] INFO  o.a.m.s.f.DefaultMavenResourcesFiltering - Copying 1 resource from src/main/resources to target/classes
2025-02-18 13:20:57,939 [Worker-23: Building] INFO  o.a.m.s.f.DefaultMavenResourcesFiltering - Copying 0 resource from src/main/resources to target/classes
2025-02-18 13:20:57,942 [Worker-23: Building] INFO  o.a.m.s.f.DefaultMavenResourcesFiltering - skip non existing resourceDirectory /home/user/Progetti_FullStack/java_esercizi/uni.zip_expanded/springUniversità/src/test/resources
2025-02-18 13:28:47,477 [Worker-34: Building] INFO  o.a.m.s.f.DefaultMavenResourcesFiltering - Copying 1 resource from src/main/resources to target/classes
2025-02-18 13:28:47,482 [Worker-34: Building] INFO  o.a.m.s.f.DefaultMavenResourcesFiltering - Copying 0 resource from src/main/resources to target/classes
2025-02-18 13:28:47,487 [Worker-34: Building] INFO  o.a.m.s.f.DefaultMavenResourcesFiltering - skip non existing resourceDirectory /home/user/Progetti_FullStack/java_esercizi/uni.zip_expanded/springUniversità/src/test/resources
2025-02-18 13:29:03,152 [Worker-32: Building] INFO  o.a.m.s.f.DefaultMavenResourcesFiltering - Copying 1 resource from src/main/resources to target/classes
2025-02-18 13:29:03,165 [Worker-32: Building] INFO  o.a.m.s.f.DefaultMavenResourcesFiltering - Copying 0 resource from src/main/resources to target/classes
2025-02-18 13:29:03,170 [Worker-32: Building] INFO  o.a.m.s.f.DefaultMavenResourcesFiltering - skip non existing resourceDirectory /home/user/Progetti_FullStack/java_esercizi/uni.zip_expanded/springUniversità/src/test/resources
2025-02-18 13:29:19,481 [Worker-23: Building] INFO  o.a.m.s.f.DefaultMavenResourcesFiltering - Copying 1 resource from src/main/resources to target/classes
2025-02-18 13:29:19,485 [Worker-23: Building] INFO  o.a.m.s.f.DefaultMavenResourcesFiltering - Copying 0 resource from src/main/resources to target/classes
2025-02-18 13:29:19,489 [Worker-23: Building] INFO  o.a.m.s.f.DefaultMavenResourcesFiltering - skip non existing resourceDirectory /home/user/Progetti_FullStack/java_esercizi/uni.zip_expanded/springUniversità/src/test/resources
2025-02-18 13:30:08,142 [Worker-34: Building] INFO  o.a.m.s.f.DefaultMavenResourcesFiltering - Copying 1 resource from src/main/resources to target/classes
2025-02-18 13:30:08,156 [Worker-34: Building] INFO  o.a.m.s.f.DefaultMavenResourcesFiltering - Copying 0 resource from src/main/resources to target/classes
2025-02-18 13:30:08,160 [Worker-34: Building] INFO  o.a.m.s.f.DefaultMavenResourcesFiltering - skip non existing resourceDirectory /home/user/Progetti_FullStack/java_esercizi/uni.zip_expanded/springUniversità/src/test/resources
2025-02-18 13:30:24,097 [Worker-34: Building] INFO  o.a.m.s.f.DefaultMavenResourcesFiltering - Copying 1 resource from src/main/resources to target/classes
2025-02-18 13:30:24,100 [Worker-34: Building] INFO  o.a.m.s.f.DefaultMavenResourcesFiltering - Copying 0 resource from src/main/resources to target/classes
2025-02-18 13:30:24,112 [Worker-34: Building] INFO  o.a.m.s.f.DefaultMavenResourcesFiltering - skip non existing resourceDirectory /home/user/Progetti_FullStack/java_esercizi/uni.zip_expanded/springUniversità/src/test/resources
2025-02-18 13:30:37,444 [Worker-34: Building] INFO  o.a.m.s.f.DefaultMavenResourcesFiltering - Copying 1 resource from src/main/resources to target/classes
2025-02-18 13:30:37,449 [Worker-34: Building] INFO  o.a.m.s.f.DefaultMavenResourcesFiltering - Copying 0 resource from src/main/resources to target/classes
2025-02-18 13:30:37,454 [Worker-34: Building] INFO  o.a.m.s.f.DefaultMavenResourcesFiltering - skip non existing resourceDirectory /home/user/Progetti_FullStack/java_esercizi/uni.zip_expanded/springUniversità/src/test/resources
2025-02-18 13:33:15,994 [Worker-35: Building] INFO  o.a.m.s.f.DefaultMavenResourcesFiltering - Copying 1 resource from src/main/resources to target/classes
2025-02-18 13:33:15,999 [Worker-35: Building] INFO  o.a.m.s.f.DefaultMavenResourcesFiltering - Copying 0 resource from src/main/resources to target/classes
2025-02-18 13:33:16,011 [Worker-35: Building] INFO  o.a.m.s.f.DefaultMavenResourcesFiltering - skip non existing resourceDirectory /home/user/Progetti_FullStack/java_esercizi/uni.zip_expanded/springUniversità/src/test/resources
2025-02-18 13:33:31,010 [Worker-38: Building] INFO  o.a.m.s.f.DefaultMavenResourcesFiltering - Copying 1 resource from src/main/resources to target/classes
2025-02-18 13:33:31,015 [Worker-38: Building] INFO  o.a.m.s.f.DefaultMavenResourcesFiltering - Copying 0 resource from src/main/resources to target/classes
2025-02-18 13:33:31,017 [Worker-38: Building] INFO  o.a.m.s.f.DefaultMavenResourcesFiltering - skip non existing resourceDirectory /home/user/Progetti_FullStack/java_esercizi/uni.zip_expanded/springUniversità/src/test/resources
2025-02-18 13:34:24,560 [Worker-40: Building] INFO  o.a.m.s.f.DefaultMavenResourcesFiltering - Copying 1 resource from src/main/resources to target/classes
2025-02-18 13:34:24,563 [Worker-40: Building] INFO  o.a.m.s.f.DefaultMavenResourcesFiltering - Copying 0 resource from src/main/resources to target/classes
2025-02-18 13:34:24,566 [Worker-40: Building] INFO  o.a.m.s.f.DefaultMavenResourcesFiltering - skip non existing resourceDirectory /home/user/Progetti_FullStack/java_esercizi/uni.zip_expanded/springUniversità/src/test/resources
2025-02-18 13:34:31,749 [Worker-35: Building] INFO  o.a.m.s.f.DefaultMavenResourcesFiltering - Copying 1 resource from src/main/resources to target/classes
2025-02-18 13:34:31,755 [Worker-35: Building] INFO  o.a.m.s.f.DefaultMavenResourcesFiltering - Copying 0 resource from src/main/resources to target/classes
2025-02-18 13:34:31,759 [Worker-35: Building] INFO  o.a.m.s.f.DefaultMavenResourcesFiltering - skip non existing resourceDirectory /home/user/Progetti_FullStack/java_esercizi/uni.zip_expanded/springUniversità/src/test/resources
2025-02-18 13:34:35,285 [Worker-28: Building] INFO  o.a.m.s.f.DefaultMavenResourcesFiltering - Copying 1 resource from src/main/resources to target/classes
2025-02-18 13:34:35,303 [Worker-28: Building] INFO  o.a.m.s.f.DefaultMavenResourcesFiltering - Copying 0 resource from src/main/resources to target/classes
2025-02-18 13:34:35,308 [Worker-28: Building] INFO  o.a.m.s.f.DefaultMavenResourcesFiltering - skip non existing resourceDirectory /home/user/Progetti_FullStack/java_esercizi/uni.zip_expanded/springUniversità/src/test/resources
2025-02-18 13:35:10,319 [Worker-40: Building] INFO  o.a.m.s.f.DefaultMavenResourcesFiltering - Copying 1 resource from src/main/resources to target/classes
2025-02-18 13:35:10,341 [Worker-40: Building] INFO  o.a.m.s.f.DefaultMavenResourcesFiltering - Copying 0 resource from src/main/resources to target/classes
2025-02-18 13:35:10,347 [Worker-40: Building] INFO  o.a.m.s.f.DefaultMavenResourcesFiltering - skip non existing resourceDirectory /home/user/Progetti_FullStack/java_esercizi/uni.zip_expanded/springUniversità/src/test/resources
2025-02-18 13:35:14,480 [Worker-28: Building] INFO  o.a.m.s.f.DefaultMavenResourcesFiltering - Copying 1 resource from src/main/resources to target/classes
2025-02-18 13:35:14,499 [Worker-28: Building] INFO  o.a.m.s.f.DefaultMavenResourcesFiltering - Copying 0 resource from src/main/resources to target/classes
2025-02-18 13:35:14,505 [Worker-28: Building] INFO  o.a.m.s.f.DefaultMavenResourcesFiltering - skip non existing resourceDirectory /home/user/Progetti_FullStack/java_esercizi/uni.zip_expanded/springUniversità/src/test/resources
2025-02-18 13:35:22,464 [Worker-38: Building] INFO  o.a.m.s.f.DefaultMavenResourcesFiltering - Copying 1 resource from src/main/resources to target/classes
2025-02-18 13:35:22,468 [Worker-38: Building] INFO  o.a.m.s.f.DefaultMavenResourcesFiltering - Copying 0 resource from src/main/resources to target/classes
2025-02-18 13:35:22,474 [Worker-38: Building] INFO  o.a.m.s.f.DefaultMavenResourcesFiltering - skip non existing resourceDirectory /home/user/Progetti_FullStack/java_esercizi/uni.zip_expanded/springUniversità/src/test/resources
2025-02-18 13:35:48,298 [Worker-38: Building] INFO  o.a.m.s.f.DefaultMavenResourcesFiltering - Copying 1 resource from src/main/resources to target/classes
2025-02-18 13:35:48,306 [Worker-38: Building] INFO  o.a.m.s.f.DefaultMavenResourcesFiltering - Copying 0 resource from src/main/resources to target/classes
2025-02-18 13:35:48,313 [Worker-38: Building] INFO  o.a.m.s.f.DefaultMavenResourcesFiltering - skip non existing resourceDirectory /home/user/Progetti_FullStack/java_esercizi/uni.zip_expanded/springUniversità/src/test/resources
2025-02-18 13:36:12,183 [Worker-35: Building] INFO  o.a.m.s.f.DefaultMavenResourcesFiltering - Copying 1 resource from src/main/resources to target/classes
2025-02-18 13:36:12,186 [Worker-35: Building] INFO  o.a.m.s.f.DefaultMavenResourcesFiltering - Copying 0 resource from src/main/resources to target/classes
2025-02-18 13:36:12,189 [Worker-35: Building] INFO  o.a.m.s.f.DefaultMavenResourcesFiltering - skip non existing resourceDirectory /home/user/Progetti_FullStack/java_esercizi/uni.zip_expanded/springUniversità/src/test/resources
2025-02-18 13:36:20,574 [Worker-39: Building] INFO  o.a.m.s.f.DefaultMavenResourcesFiltering - Copying 1 resource from src/main/resources to target/classes
2025-02-18 13:36:20,577 [Worker-39: Building] INFO  o.a.m.s.f.DefaultMavenResourcesFiltering - Copying 0 resource from src/main/resources to target/classes
2025-02-18 13:36:20,579 [Worker-39: Building] INFO  o.a.m.s.f.DefaultMavenResourcesFiltering - skip non existing resourceDirectory /home/user/Progetti_FullStack/java_esercizi/uni.zip_expanded/springUniversità/src/test/resources
2025-02-18 13:42:05,519 [Worker-42: Building] INFO  o.a.m.s.f.DefaultMavenResourcesFiltering - Copying 1 resource from src/main/resources to target/classes
2025-02-18 13:42:05,523 [Worker-42: Building] INFO  o.a.m.s.f.DefaultMavenResourcesFiltering - Copying 0 resource from src/main/resources to target/classes
2025-02-18 13:42:05,527 [Worker-42: Building] INFO  o.a.m.s.f.DefaultMavenResourcesFiltering - skip non existing resourceDirectory /home/user/Progetti_FullStack/java_esercizi/uni.zip_expanded/springUniversità/src/test/resources
2025-02-18 13:42:13,991 [Worker-39: Building] INFO  o.a.m.s.f.DefaultMavenResourcesFiltering - Copying 1 resource from src/main/resources to target/classes
2025-02-18 13:42:14,004 [Worker-39: Building] INFO  o.a.m.s.f.DefaultMavenResourcesFiltering - Copying 0 resource from src/main/resources to target/classes
2025-02-18 13:42:14,006 [Worker-39: Building] INFO  o.a.m.s.f.DefaultMavenResourcesFiltering - skip non existing resourceDirectory /home/user/Progetti_FullStack/java_esercizi/uni.zip_expanded/springUniversità/src/test/resources
2025-02-18 13:42:27,919 [Worker-42: Building] INFO  o.a.m.s.f.DefaultMavenResourcesFiltering - Copying 1 resource from src/main/resources to target/classes
2025-02-18 13:42:27,924 [Worker-42: Building] INFO  o.a.m.s.f.DefaultMavenResourcesFiltering - Copying 0 resource from src/main/resources to target/classes
2025-02-18 13:42:27,926 [Worker-42: Building] INFO  o.a.m.s.f.DefaultMavenResourcesFiltering - skip non existing resourceDirectory /home/user/Progetti_FullStack/java_esercizi/uni.zip_expanded/springUniversità/src/test/resources
2025-02-18 13:42:50,031 [Worker-39: Building] INFO  o.a.m.s.f.DefaultMavenResourcesFiltering - Copying 1 resource from src/main/resources to target/classes
2025-02-18 13:42:50,034 [Worker-39: Building] INFO  o.a.m.s.f.DefaultMavenResourcesFiltering - Copying 0 resource from src/main/resources to target/classes
2025-02-18 13:42:50,037 [Worker-39: Building] INFO  o.a.m.s.f.DefaultMavenResourcesFiltering - skip non existing resourceDirectory /home/user/Progetti_FullStack/java_esercizi/uni.zip_expanded/springUniversità/src/test/resources
2025-02-18 13:42:55,186 [Worker-43: Building] INFO  o.a.m.s.f.DefaultMavenResourcesFiltering - Copying 1 resource from src/main/resources to target/classes
2025-02-18 13:42:55,201 [Worker-43: Building] INFO  o.a.m.s.f.DefaultMavenResourcesFiltering - Copying 0 resource from src/main/resources to target/classes
2025-02-18 13:42:55,203 [Worker-43: Building] INFO  o.a.m.s.f.DefaultMavenResourcesFiltering - skip non existing resourceDirectory /home/user/Progetti_FullStack/java_esercizi/uni.zip_expanded/springUniversità/src/test/resources
2025-02-18 13:43:20,188 [Worker-44: Building] INFO  o.a.m.s.f.DefaultMavenResourcesFiltering - Copying 1 resource from src/main/resources to target/classes
2025-02-18 13:43:20,203 [Worker-44: Building] INFO  o.a.m.s.f.DefaultMavenResourcesFiltering - Copying 0 resource from src/main/resources to target/classes
2025-02-18 13:43:20,215 [Worker-44: Building] INFO  o.a.m.s.f.DefaultMavenResourcesFiltering - skip non existing resourceDirectory /home/user/Progetti_FullStack/java_esercizi/uni.zip_expanded/springUniversità/src/test/resources
2025-02-18 13:43:50,191 [Worker-44: Building] INFO  o.a.m.s.f.DefaultMavenResourcesFiltering - Copying 1 resource from src/main/resources to target/classes
2025-02-18 13:43:50,206 [Worker-44: Building] INFO  o.a.m.s.f.DefaultMavenResourcesFiltering - Copying 0 resource from src/main/resources to target/classes
2025-02-18 13:43:50,212 [Worker-44: Building] INFO  o.a.m.s.f.DefaultMavenResourcesFiltering - skip non existing resourceDirectory /home/user/Progetti_FullStack/java_esercizi/uni.zip_expanded/springUniversità/src/test/resources
2025-02-18 13:43:58,455 [Worker-38: Building] INFO  o.a.m.s.f.DefaultMavenResourcesFiltering - Copying 1 resource from src/main/resources to target/classes
2025-02-18 13:43:58,458 [Worker-38: Building] INFO  o.a.m.s.f.DefaultMavenResourcesFiltering - Copying 0 resource from src/main/resources to target/classes
2025-02-18 13:43:58,463 [Worker-38: Building] INFO  o.a.m.s.f.DefaultMavenResourcesFiltering - skip non existing resourceDirectory /home/user/Progetti_FullStack/java_esercizi/uni.zip_expanded/springUniversità/src/test/resources
2025-02-18 13:44:01,217 [Worker-39: Building] INFO  o.a.m.s.f.DefaultMavenResourcesFiltering - Copying 1 resource from src/main/resources to target/classes
2025-02-18 13:44:01,222 [Worker-39: Building] INFO  o.a.m.s.f.DefaultMavenResourcesFiltering - Copying 0 resource from src/main/resources to target/classes
2025-02-18 13:44:01,225 [Worker-39: Building] INFO  o.a.m.s.f.DefaultMavenResourcesFiltering - skip non existing resourceDirectory /home/user/Progetti_FullStack/java_esercizi/uni.zip_expanded/springUniversità/src/test/resources
2025-02-18 13:44:09,734 [Worker-44: Building] INFO  o.a.m.s.f.DefaultMavenResourcesFiltering - Copying 1 resource from src/main/resources to target/classes
2025-02-18 13:44:09,740 [Worker-44: Building] INFO  o.a.m.s.f.DefaultMavenResourcesFiltering - Copying 0 resource from src/main/resources to target/classes
2025-02-18 13:44:09,742 [Worker-44: Building] INFO  o.a.m.s.f.DefaultMavenResourcesFiltering - skip non existing resourceDirectory /home/user/Progetti_FullStack/java_esercizi/uni.zip_expanded/springUniversità/src/test/resources
2025-02-18 13:44:25,023 [Worker-38: Building] INFO  o.a.m.s.f.DefaultMavenResourcesFiltering - Copying 1 resource from src/main/resources to target/classes
2025-02-18 13:44:25,030 [Worker-38: Building] INFO  o.a.m.s.f.DefaultMavenResourcesFiltering - Copying 0 resource from src/main/resources to target/classes
2025-02-18 13:44:25,032 [Worker-38: Building] INFO  o.a.m.s.f.DefaultMavenResourcesFiltering - skip non existing resourceDirectory /home/user/Progetti_FullStack/java_esercizi/uni.zip_expanded/springUniversità/src/test/resources
2025-02-19 09:41:25,146 [Worker-4: Loading available Gradle versions] INFO  o.e.b.c.i.u.g.PublishedGradleVersions - Gradle version information cache is up-to-date. Trying to read.
2025-02-19 09:45:29,338 [Worker-2: Loading available Gradle versions] INFO  o.e.b.c.i.u.g.PublishedGradleVersions - Gradle version information cache is out-of-date. Trying to update.
2025-02-19 09:45:56,157 [Worker-6: Launching springUniversità - SpringUniversitaApplication] INFO  o.a.m.s.f.DefaultMavenResourcesFiltering - Copying 1 resource from src/main/resources to target/classes
2025-02-19 09:45:56,182 [Worker-6: Launching springUniversità - SpringUniversitaApplication] INFO  o.a.m.s.f.DefaultMavenResourcesFiltering - Copying 0 resource from src/main/resources to target/classes
2025-02-19 09:45:56,188 [Worker-6: Launching springUniversità - SpringUniversitaApplication] INFO  o.a.m.s.f.DefaultMavenResourcesFiltering - skip non existing resourceDirectory /home/user/Progetti_FullStack/java_esercizi/uni.zip_expanded/springUniversità/src/test/resources
2025-02-19 09:46:01,842 [Worker-7: Building] INFO  o.a.m.s.f.DefaultMavenResourcesFiltering - Copying 1 resource from src/main/resources to target/classes
2025-02-19 09:46:01,865 [Worker-7: Building] INFO  o.a.m.s.f.DefaultMavenResourcesFiltering - Copying 0 resource from src/main/resources to target/classes
2025-02-19 09:46:01,870 [Worker-7: Building] INFO  o.a.m.s.f.DefaultMavenResourcesFiltering - skip non existing resourceDirectory /home/user/Progetti_FullStack/java_esercizi/springFirst/src/test/resources
2025-02-19 09:46:02,686 [Worker-7: Building] INFO  o.a.m.s.f.DefaultMavenResourcesFiltering - Copying 1 resource from src/main/resources to target/classes
2025-02-19 09:46:02,709 [Worker-7: Building] INFO  o.a.m.s.f.DefaultMavenResourcesFiltering - Copying 0 resource from src/main/resources to target/classes
2025-02-19 09:46:02,715 [Worker-7: Building] INFO  o.a.m.s.f.DefaultMavenResourcesFiltering - skip non existing resourceDirectory /home/user/Progetti_FullStack/java_esercizi/mag.zip_expanded/springMagazzino/src/test/resources
